<?xml version="1.0" encoding="UTF-8"?>
<testng-results ignored="0" total="1" passed="1" failed="0" skipped="0">
  <reporter-output>
  </reporter-output>
  <suite started-at="2026-02-01T11:28:34 IST" name="Default suite" finished-at="2026-02-01T11:29:03 IST" duration-ms="28538">
    <groups>
    </groups>
    <test started-at="2026-02-01T11:28:34 IST" name="Default test" finished-at="2026-02-01T11:29:03 IST" duration-ms="28538">
      <class name="com.qa.tests.LoginTest">
        <test-method is-config="true" signature="launchBrowserTest()[pri:0, instance:com.qa.tests.LoginTest@4567f35d]" started-at="2026-02-01T11:28:34 IST" name="launchBrowserTest" finished-at="2026-02-01T11:28:52 IST" duration-ms="17577" status="PASS">
          <reporter-output>
          </reporter-output>
        </test-method> <!-- launchBrowserTest -->
        <test-method signature="loginFlowTest()[pri:0, instance:com.qa.tests.LoginTest@4567f35d]" started-at="2026-02-01T11:28:52 IST" name="loginFlowTest" finished-at="2026-02-01T11:29:01 IST" duration-ms="8841" status="PASS">
          <reporter-output>
          </reporter-output>
        </test-method> <!-- loginFlowTest -->
        <test-method is-config="true" signature="tearDown()[pri:0, instance:com.qa.tests.LoginTest@4567f35d]" started-at="2026-02-01T11:29:01 IST" name="tearDown" finished-at="2026-02-01T11:29:03 IST" duration-ms="1974" status="PASS">
          <reporter-output>
          </reporter-output>
        </test-method> <!-- tearDown -->
      </class> <!-- com.qa.tests.LoginTest -->
    </test> <!-- Default test -->
  </suite> <!-- Default suite -->
</testng-results>
